{
  "stats": {
    "suites": 1,
    "tests": 1,
    "passes": 1,
    "pending": 0,
    "failures": 0,
    "start": "2021-11-17T14:49:07.730Z",
    "end": "2021-11-17T14:49:20.457Z",
    "duration": 12727,
    "testsRegistered": 1,
    "passPercent": 100,
    "pendingPercent": 0,
    "other": 0,
    "hasOther": false,
    "skipped": 0,
    "hasSkipped": false
  },
  "results": [
    {
      "uuid": "178ecc87-b935-4231-aacd-52131ed98307",
      "title": "",
      "fullFile": "cypress/integration/example/bdd/ecommerce.feature",
      "file": "cypress/integration/example/bdd/ecommerce.feature",
      "beforeHooks": [],
      "afterHooks": [],
      "tests": [],
      "suites": [
        {
          "uuid": "2ea7ea7a-02d6-4479-8a2c-6e439c912488",
          "title": "End to End Ecommerce Validation",
          "fullFile": "",
          "file": "",
          "beforeHooks": [],
          "afterHooks": [],
          "tests": [
            {
              "title": "Ecommerce Products Delivery",
              "fullTitle": "End to End Ecommerce Validation Ecommerce Products Delivery",
              "timedOut": null,
              "duration": 10112,
              "state": "passed",
              "speed": "slow",
              "pass": true,
              "fail": false,
              "pending": false,
              "context": null,
              "code": "const state = window.testState;\nreturn cy\n  .then(() => state.onStartScenario(scenario, indexedSteps))\n  .then(() =>\n    resolveAndRunBeforeHooks.call(this, scenario.tags, state.feature.name)\n  )\n  .then(() =>\n    indexedSteps.forEach((step) =>\n      stepTest.call(this, state, step, rowData)\n    )\n  )\n  .then(() => state.onFinishScenario(scenario));",
              "err": {},
              "uuid": "7e4b0e53-c937-4a6a-a894-ee528de79c11",
              "parentUUID": "2ea7ea7a-02d6-4479-8a2c-6e439c912488",
              "isHook": false,
              "skipped": false
            }
          ],
          "suites": [],
          "passes": [
            "7e4b0e53-c937-4a6a-a894-ee528de79c11"
          ],
          "failures": [],
          "pending": [],
          "skipped": [],
          "duration": 10112,
          "root": false,
          "rootEmpty": false,
          "_timeout": 2000
        }
      ],
      "passes": [],
      "failures": [],
      "pending": [],
      "skipped": [],
      "duration": 0,
      "root": true,
      "rootEmpty": true,
      "_timeout": 2000
    }
  ],
  "meta": {
    "mocha": {
      "version": "7.0.1"
    },
    "mochawesome": {
      "options": {
        "quiet": false,
        "reportFilename": "mochawesome",
        "saveHtml": true,
        "saveJson": true,
        "consoleReporter": "spec",
        "useInlineDiffs": false,
        "code": true
      },
      "version": "7.0.1"
    },
    "marge": {
      "options": null,
      "version": "6.0.1"
    }
  }
}